proguard/seeds.txt
com.justsystems.hpb.pad.AbsStartPageActivity: AbsStartPageActivity()
com.justsystems.hpb.pad.AbsStartPageActivity: void onClick(android.view.View)
com.justsystems.hpb.pad.ActionBarView: int getMoveLength()
com.justsystems.hpb.pad.R$anim: int blink
com.justsystems.hpb.pad.R$anim: int cycle_5
com.justsystems.hpb.pad.R$anim: int do_nothing
com.justsystems.hpb.pad.R$anim: int fade_out
com.justsystems.hpb.pad.R$anim: int pop
com.justsystems.hpb.pad.R$anim: int rotate_zoom_in
com.justsystems.hpb.pad.R$anim: int rotate_zoom_out
com.justsystems.hpb.pad.R$anim: int shake
com.justsystems.hpb.pad.R$anim: int slide_down
com.justsystems.hpb.pad.R$anim: int slide_up
com.justsystems.hpb.pad.R$anim: int zoom
com.justsystems.hpb.pad.R$array: int alignment_array
com.justsystems.hpb.pad.R$array: int post_formats_array
com.justsystems.hpb.pad.R$attr: int actionBarDivider
com.justsystems.hpb.pad.R$attr: int actionBarItemBackground
com.justsystems.hpb.pad.R$attr: int actionBarSize
com.justsystems.hpb.pad.R$attr: int actionBarSplitStyle
com.justsystems.hpb.pad.R$attr: int actionBarStyle
com.justsystems.hpb.pad.R$attr: int actionBarTabBarStyle
com.justsystems.hpb.pad.R$attr: int actionBarTabStyle
com.justsystems.hpb.pad.R$attr: int actionBarTabTextStyle
com.justsystems.hpb.pad.R$attr: int actionBarWidgetTheme
com.justsystems.hpb.pad.R$attr: int actionButtonStyle
com.justsystems.hpb.pad.R$attr: int actionDropDownStyle
com.justsystems.hpb.pad.R$attr: int actionMenuTextAppearance
com.justsystems.hpb.pad.R$attr: int actionMenuTextColor
com.justsystems.hpb.pad.R$attr: int actionModeBackground
com.justsystems.hpb.pad.R$attr: int actionModeCloseButtonStyle
com.justsystems.hpb.pad.R$attr: int actionModeCloseDrawable
com.justsystems.hpb.pad.R$attr: int actionModePopupWindowStyle
com.justsystems.hpb.pad.R$attr: int actionModeShareDrawable
com.justsystems.hpb.pad.R$attr: int actionModeSplitBackground
com.justsystems.hpb.pad.R$attr: int actionModeStyle
com.justsystems.hpb.pad.R$attr: int actionOverflowButtonStyle
com.justsystems.hpb.pad.R$attr: int actionSpinnerItemStyle
com.justsystems.hpb.pad.R$attr: int activatedBackgroundIndicator
com.justsystems.hpb.pad.R$attr: int activityChooserViewStyle
com.justsystems.hpb.pad.R$attr: int background
com.justsystems.hpb.pad.R$attr: int backgroundSplit
com.justsystems.hpb.pad.R$bool: int abs__action_bar_embed_tabs
com.justsystems.hpb.pad.R$bool: int abs__action_bar_expanded_action_views_exclusive
com.justsystems.hpb.pad.R$bool: int abs__config_actionMenuItemAllCaps
com.justsystems.hpb.pad.R$bool: int abs__config_allowActionMenuItemTextWithIcon
com.justsystems.hpb.pad.R$bool: int abs__config_showMenuShortcutsWhenKeyboardPresent
com.justsystems.hpb.pad.R$bool: int abs__split_action_bar_is_narrow
...
com.actionbarsherlock.internal.view.menu.MenuPresenter
com.actionbarsherlock.internal.view.menu.MenuPresenter: void initForMenu(android.content.Context,com.actionbarsherlock.internal.view.menu.MenuBuilder)
com.actionbarsherlock.internal.view.menu.MenuPresenter: com.actionbarsherlock.internal.view.menu.MenuView getMenuView(android.view.ViewGroup)
com.actionbarsherlock.internal.view.menu.MenuPresenter: void updateMenuView(boolean)
com.actionbarsherlock.internal.view.menu.MenuPresenter: void setCallback(com.actionbarsherlock.internal.view.menu.MenuPresenter$Callback)
com.actionbarsherlock.internal.view.menu.MenuPresenter: boolean onSubMenuSelected(com.actionbarsherlock.internal.view.menu.SubMenuBuilder)
com.actionbarsherlock.internal.view.menu.MenuPresenter: void onCloseMenu(com.actionbarsherlock.internal.view.menu.MenuBuilder,boolean)
com.actionbarsherlock.internal.view.menu.MenuPresenter: boolean flagActionItems()
com.actionbarsherlock.internal.view.menu.MenuPresenter: boolean expandItemActionView(com.actionbarsherlock.internal.view.menu.MenuBuilder,com.actionbarsherlock.internal.view.menu.MenuItemImpl)
com.actionbarsherlock.internal.view.menu.MenuPresenter: boolean collapseItemActionView(com.actionbarsherlock.internal.view.menu.MenuBuilder,com.actionbarsherlock.internal.view.menu.MenuItemImpl)
com.actionbarsherlock.internal.view.menu.MenuPresenter: int getId()
com.actionbarsherlock.internal.view.menu.MenuPresenter: android.os.Parcelable onSaveInstanceState()
com.actionbarsherlock.internal.view.menu.MenuPresenter$Callback
com.actionbarsherlock.internal.view.menu.MenuPresenter$Callback: void onCloseMenu(com.actionbarsherlock.internal.view.menu.MenuBuilder,boolean)
com.actionbarsherlock.internal.view.menu.MenuPresenter$Callback: boolean onOpenSubMenu(com.actionbarsherlock.internal.view.menu.MenuBuilder)
com.actionbarsherlock.internal.view.menu.MenuView
com.actionbarsherlock.internal.view.menu.MenuView: void initialize(com.actionbarsherlock.internal.view.menu.MenuBuilder)
com.actionbarsherlock.internal.view.menu.MenuView: int getWindowAnimations()
com.actionbarsherlock.internal.view.menu.MenuView$ItemView
com.actionbarsherlock.internal.view.menu.MenuView$ItemView: void initialize(com.actionbarsherlock.internal.view.menu.MenuItemImpl,int)
com.actionbarsherlock.internal.view.menu.MenuView$ItemView: com.actionbarsherlock.internal.view.menu.MenuItemImpl getItemData()
com.actionbarsherlock.internal.view.menu.MenuView$ItemView: void setTitle(java.lang.CharSequence)
com.actionbarsherlock.internal.view.menu.MenuView$ItemView: void setEnabled(boolean)
com.actionbarsherlock.internal.view.menu.MenuView$ItemView: void setCheckable(boolean)
com.actionbarsherlock.internal.view.menu.MenuView$ItemView: void setChecked(boolean)
com.actionbarsherlock.internal.view.menu.MenuView$ItemView: void setShortcut(boolean,char)
com.actionbarsherlock.internal.view.menu.MenuView$ItemView: void setIcon(android.graphics.drawable.Drawable)
com.actionbarsherlock.internal.view.menu.MenuView$ItemView: boolean prefersCondensedTitle()
com.actionbarsherlock.internal.view.menu.MenuView$ItemView: boolean showsIcon()