proguard/usage.txt
com.justsystems.hpb.pad.AbsSlidingView:
    public abstract void animateClose()
com.justsystems.hpb.pad.AbsStartPageActivity:
    private static final int WHAT_LOAD_CAPTURE
    private static final int WHAT_LOAD_CAPTURE_AND_TYPE
    private static final int DELAY_LOADING_SHORT
    private static final int DELAY_LOADING_LONG
    private static final int TEMPLETE_COUNT
    private static final boolean LOAD_TYPE_WITH_CAPTURE
com.justsystems.hpb.pad.AbsStartPageActivity$MyWebviewClient:
    private static final int WHAT_CAPTURE
com.justsystems.hpb.pad.ActionBarView:
    protected static final int ANIMATION_DURATION
com.justsystems.hpb.pad.ActionBarViewICS:
    private static final boolean MOVE_LOGO
com.justsystems.hpb.pad.BuildConfig
com.justsystems.hpb.pad.Manifest
com.justsystems.hpb.pad.Manifest$permission
com.justsystems.hpb.pad.R:
    10:10:public R()
com.justsystems.hpb.pad.R$anim
com.justsystems.hpb.pad.R$array
com.justsystems.hpb.pad.R$attr
com.justsystems.hpb.pad.R$bool
com.justsystems.hpb.pad.R$color
com.justsystems.hpb.pad.R$dimen
com.justsystems.hpb.pad.R$drawable
com.justsystems.hpb.pad.R$id
com.justsystems.hpb.pad.R$integer
com.justsystems.hpb.pad.R$layout
com.justsystems.hpb.pad.R$menu
com.justsystems.hpb.pad.R$raw
com.justsystems.hpb.pad.R$string
com.justsystems.hpb.pad.R$style
com.justsystems.hpb.pad.R$styleable:
    2530:2530:public R$styleable()
com.justsystems.hpb.pad.R$xml
com.justsystems.hpb.pad.SiteThumbnailFragment:
    static final java.lang.String CAPTURE_DIRECTORY
com.justsystems.hpb.pad.SlidingView:
    private static final int MAX_ANIMATION_DURATION
    private static final int DEFAULT_ANIMATION_DURATION
    private static final int MIN_ANIMATION_DURATION
com.justsystems.hpb.pad.marketplace.Template:
    private static final java.lang.String THUMBNAIL_DIRECTORY
    private static final java.lang.String PARAM_ID
    private static final java.lang.String PARAM_LINK
    private static final java.lang.String PARAM_THUMBNAIL
    private static final java.lang.String PARAM_THUMBNAIL_PC
    private static final java.lang.String PARAM_THUMBNAIL_SMT
    private static final boolean USE_PC_THUMBNAIL
com.justsystems.hpb.pad.marketplace.TempleteGetTask:
    private static final int DEFAULT_TIMEOUT
    private static final java.lang.String MP_URL
    private static final java.lang.String PARAM_COUNT
    private static final java.lang.String PARAM_TEMPLATE
    private static final java.lang.String PARAM_PROMOTION
    private static final java.lang.String PARAM_ANDROID
    private static final int PROGRESS_TEMPLATE
com.justsystems.hpb.pad.seo.KeywordResult:
    private static final java.lang.String PARAM_KEYWORD
    private static final java.lang.String PARAM_NUM
    private static final java.lang.String PARAM_PER
com.justsystems.hpb.pad.seo.Responce:
    static final java.lang.String PARAM_TITLE
    static final java.lang.String PARAM_CONTENTS
    static final java.lang.String PARAM_H1
    static final java.lang.String PARAM_METADESCRIPTION
    static final java.lang.String PARAM_METAKEYWORD
    static final java.lang.String PARAM_KEYWORD_BALANCE
com.justsystems.hpb.pad.seo.Result:
    private static final java.lang.String PARAM_MESSAGE
    private static final java.lang.String PARAM_SCORE
    private static final int SCORE_MAX
    private static final int SCORE_MIN
    40:40:public int getScore()
com.justsystems.hpb.pad.seo.SeoCheckTask:
    private static final int DEFAULT_TIMEOUT
    private static final java.lang.String SEO_URL
com.justsystems.hpb.pad.seo.SeoResultActivity:
    private static final int ID_DIALOG_PROGRESS
com.justsystems.hpb.pad.util.Debug:
    private static final boolean DEBUG
    7:7:public Debug()
...
org.wordpress.android.ui.AddQuickPressShortcutActivity:
    static final int ADD_ACCOUNT_REQUEST
org.wordpress.android.ui.DashboardActivity:
    133:134:protected void loadUrl(java.lang.String)
org.wordpress.android.ui.MenuDrawerAdapter:
    private static final int TYPE_NORAML
    private static final int TYPE_COMMENT
    private static final int TYPE_ADDABLE
    43:44:public void clear()
    47:47:public java.util.ArrayList getItems()
org.wordpress.android.ui.MenuDrawerItem:
    45:45:public void onConfigureView(android.view.View)
    127:128:public void configureView(android.view.View)
org.wordpress.android.ui.WPActionBarActivity:
    private static final java.lang.String TAG
    static final int ADD_ACCOUNT_REQUEST
    static final int SETTINGS_REQUEST
    static final int AUTHENTICATE_REQUEST
    protected static final int READER_ACTIVITY
    protected static final int POSTS_ACTIVITY
    protected static final int PAGES_ACTIVITY
    protected static final int COMMENTS_ACTIVITY
    protected static final int STATS_ACTIVITY
    protected static final int QUICK_PHOTO_ACTIVITY
    protected static final int QUICK_VIDEO_ACTIVITY
    protected static final int VIEW_SITE_ACTIVITY
    protected static final int DASHBOARD_ACTIVITY
    protected static final int NOTIFICATIONS_ACTIVITY
    protected static final int REFRESH_MENU
    protected static final int CUSTOM_TYPE_ACTIVITY
    protected static final java.lang.String LAST_ACTIVITY_PREFERENCE
org.wordpress.android.ui.WPActionBarActivity$CommentsMenuItem:
    821:833:public void configureView(android.view.View)
org.wordpress.android.ui.WPActionBarActivity$NotificationsMenuItem
org.wordpress.android.ui.WPActionBarActivity$ReaderMenuItem
org.wordpress.android.ui.accounts.AccountSetupActivity:
    private static final java.lang.String URL_WORDPRESS
    private static final java.lang.String DEFAULT_IMAGE_SIZE
org.wordpress.android.ui.accounts.AccountSetupActivity$XMLRPCMethod:
    589:590:public void call()
org.wordpress.android.ui.accounts.NewAccountActivity:
    static final int CREATE_ACCOUNT_REQUEST
    static final int EXISTING_COM_ACCOUNT_REQUEST
    static final int EXISTING_ORG_ACCOUNT_REQUEST
org.wordpress.android.ui.comments.CommentActivity
org.wordpress.android.ui.comments.CommentFragment:
    166:182:public android.graphics.drawable.Drawable getDrawable(java.lang.String)
    268:269:public void setOnCommentStatusChangeListener(org.wordpress.android.ui.comments.CommentFragment$OnCommentStatusChangeListener)
org.wordpress.android.ui.comments.CommentsListFragment:
    public int[] changedStatuses
    boolean dualView
    60:60:static synthetic org.xmlrpc.android.XMLRPCClient access$1(org.wordpress.android.ui.comments.CommentsListFragment)
org.wordpress.android.ui.comments.CommentsListFragment$XMLRPCMethod
org.wordpress.android.ui.comments.CommentsListFragment$XMLRPCMethod$1
org.wordpress.android.ui.comments.CommentsListFragment$XMLRPCMethod$2
org.wordpress.android.ui.comments.CommentsListFragment$XMLRPCMethod$3
org.wordpress.android.ui.comments.CommentsListFragment$XMLRPCMethodCallback
org.wordpress.android.ui.comments.CommentsListFragment$XMLRPCMethodCallbackEditComment
org.wordpress.android.ui.comments.CommentsListFragment$XMLRPCMethodEditComment
org.wordpress.android.ui.comments.CommentsListFragment$XMLRPCMethodEditComment$1
org.wordpress.android.ui.comments.CommentsListFragment$XMLRPCMethodEditComment$2
org.wordpress.android.ui.comments.CommentsListFragment$XMLRPCMethodEditComment$3
org.wordpress.android.ui.notifications.FollowRow:
    private static final java.lang.String TAG
org.wordpress.android.ui.notifications.NoteCommentFragment:
    private static final java.lang.String TAG
    private static final java.lang.String APPROVE_TAG
    private static final java.lang.String UNAPPROVE_TAG
    private static final java.lang.String SPAM_TAG
    private static final java.lang.String TRASH_TAG